Determining if the pthread_create exist failed with the following output:
Change Dir: /home/chap/OpenDaVINCI/automotive/miniature/proxy/build/CMakeFiles/CMakeTmp

Run Build Command:/usr/bin/make "cmTryCompileExec3539304865/fast"
/usr/bin/make -f CMakeFiles/cmTryCompileExec3539304865.dir/build.make CMakeFiles/cmTryCompileExec3539304865.dir/build
make[1]: Entering directory `/home/chap/OpenDaVINCI/automotive/miniature/proxy/build/CMakeFiles/CMakeTmp'
/usr/bin/cmake -E cmake_progress_report /home/chap/OpenDaVINCI/automotive/miniature/proxy/build/CMakeFiles/CMakeTmp/CMakeFiles 1
Building C object CMakeFiles/cmTryCompileExec3539304865.dir/CheckSymbolExists.c.o
/usr/bin/cc   -fPIC    -o CMakeFiles/cmTryCompileExec3539304865.dir/CheckSymbolExists.c.o   -c /home/chap/OpenDaVINCI/automotive/miniature/proxy/build/CMakeFiles/CMakeTmp/CheckSymbolExists.c
Linking C executable cmTryCompileExec3539304865
/usr/bin/cmake -E cmake_link_script CMakeFiles/cmTryCompileExec3539304865.dir/link.txt --verbose=1
/usr/bin/cc   -fPIC     CMakeFiles/cmTryCompileExec3539304865.dir/CheckSymbolExists.c.o  -o cmTryCompileExec3539304865 -rdynamic 
CMakeFiles/cmTryCompileExec3539304865.dir/CheckSymbolExists.c.o: In function `main':
CheckSymbolExists.c:(.text+0x1b): undefined reference to `pthread_create'
collect2: error: ld returned 1 exit status
make[1]: *** [cmTryCompileExec3539304865] Error 1
make[1]: Leaving directory `/home/chap/OpenDaVINCI/automotive/miniature/proxy/build/CMakeFiles/CMakeTmp'
make: *** [cmTryCompileExec3539304865/fast] Error 2

File /home/chap/OpenDaVINCI/automotive/miniature/proxy/build/CMakeFiles/CMakeTmp/CheckSymbolExists.c:
/* */
#include <pthread.h>

int main(int argc, char** argv)
{
  (void)argv;
#ifndef pthread_create
  return ((int*)(&pthread_create))[argc];
#else
  (void)argc;
  return 0;
#endif
}

Determining if the function pthread_create exists in the pthreads failed with the following output:
Change Dir: /home/chap/OpenDaVINCI/automotive/miniature/proxy/build/CMakeFiles/CMakeTmp

Run Build Command:/usr/bin/make "cmTryCompileExec3385091775/fast"
/usr/bin/make -f CMakeFiles/cmTryCompileExec3385091775.dir/build.make CMakeFiles/cmTryCompileExec3385091775.dir/build
make[1]: Entering directory `/home/chap/OpenDaVINCI/automotive/miniature/proxy/build/CMakeFiles/CMakeTmp'
/usr/bin/cmake -E cmake_progress_report /home/chap/OpenDaVINCI/automotive/miniature/proxy/build/CMakeFiles/CMakeTmp/CMakeFiles 1
Building C object CMakeFiles/cmTryCompileExec3385091775.dir/CheckFunctionExists.c.o
/usr/bin/cc   -fPIC -DCHECK_FUNCTION_EXISTS=pthread_create   -o CMakeFiles/cmTryCompileExec3385091775.dir/CheckFunctionExists.c.o   -c /usr/share/cmake-2.8/Modules/CheckFunctionExists.c
Linking C executable cmTryCompileExec3385091775
/usr/bin/cmake -E cmake_link_script CMakeFiles/cmTryCompileExec3385091775.dir/link.txt --verbose=1
/usr/bin/cc   -fPIC -DCHECK_FUNCTION_EXISTS=pthread_create    CMakeFiles/cmTryCompileExec3385091775.dir/CheckFunctionExists.c.o  -o cmTryCompileExec3385091775 -rdynamic -lpthreads 
/usr/bin/ld: cannot find -lpthreads
collect2: error: ld returned 1 exit status
make[1]: Leaving directory `/home/chap/OpenDaVINCI/automotive/miniature/proxy/build/CMakeFiles/CMakeTmp'
make[1]: *** [cmTryCompileExec3385091775] Error 1
make: *** [cmTryCompileExec3385091775/fast] Error 2


