Determining if the pthread_create exist failed with the following output:
Change Dir: /home/chap/OpenDaVINCI/automotive/miniature/arduino/build/CMakeFiles/CMakeTmp

Run Build Command:/usr/bin/make "cmTryCompileExec614764429/fast"
/usr/bin/make -f CMakeFiles/cmTryCompileExec614764429.dir/build.make CMakeFiles/cmTryCompileExec614764429.dir/build
make[1]: Entering directory `/home/chap/OpenDaVINCI/automotive/miniature/arduino/build/CMakeFiles/CMakeTmp'
/usr/bin/cmake -E cmake_progress_report /home/chap/OpenDaVINCI/automotive/miniature/arduino/build/CMakeFiles/CMakeTmp/CMakeFiles 1
Building C object CMakeFiles/cmTryCompileExec614764429.dir/CheckSymbolExists.c.o
/usr/bin/cc   -fPIC    -o CMakeFiles/cmTryCompileExec614764429.dir/CheckSymbolExists.c.o   -c /home/chap/OpenDaVINCI/automotive/miniature/arduino/build/CMakeFiles/CMakeTmp/CheckSymbolExists.c
Linking C executable cmTryCompileExec614764429
/usr/bin/cmake -E cmake_link_script CMakeFiles/cmTryCompileExec614764429.dir/link.txt --verbose=1
/usr/bin/cc   -fPIC     CMakeFiles/cmTryCompileExec614764429.dir/CheckSymbolExists.c.o  -o cmTryCompileExec614764429 -rdynamic 
CMakeFiles/cmTryCompileExec614764429.dir/CheckSymbolExists.c.o: In function `main':
CheckSymbolExists.c:(.text+0x1b): undefined reference to `pthread_create'
collect2: error: ld returned 1 exit status
make[1]: Leaving directory `/home/chap/OpenDaVINCI/automotive/miniature/arduino/build/CMakeFiles/CMakeTmp'
make[1]: *** [cmTryCompileExec614764429] Error 1
make: *** [cmTryCompileExec614764429/fast] Error 2

File /home/chap/OpenDaVINCI/automotive/miniature/arduino/build/CMakeFiles/CMakeTmp/CheckSymbolExists.c:
/* */
#include <pthread.h>

int main(int argc, char** argv)
{
  (void)argv;
#ifndef pthread_create
  return ((int*)(&pthread_create))[argc];
#else
  (void)argc;
  return 0;
#endif
}

Determining if the function pthread_create exists in the pthreads failed with the following output:
Change Dir: /home/chap/OpenDaVINCI/automotive/miniature/arduino/build/CMakeFiles/CMakeTmp

Run Build Command:/usr/bin/make "cmTryCompileExec493512116/fast"
/usr/bin/make -f CMakeFiles/cmTryCompileExec493512116.dir/build.make CMakeFiles/cmTryCompileExec493512116.dir/build
make[1]: Entering directory `/home/chap/OpenDaVINCI/automotive/miniature/arduino/build/CMakeFiles/CMakeTmp'
/usr/bin/cmake -E cmake_progress_report /home/chap/OpenDaVINCI/automotive/miniature/arduino/build/CMakeFiles/CMakeTmp/CMakeFiles 1
Building C object CMakeFiles/cmTryCompileExec493512116.dir/CheckFunctionExists.c.o
/usr/bin/cc   -fPIC -DCHECK_FUNCTION_EXISTS=pthread_create   -o CMakeFiles/cmTryCompileExec493512116.dir/CheckFunctionExists.c.o   -c /usr/share/cmake-2.8/Modules/CheckFunctionExists.c
Linking C executable cmTryCompileExec493512116
/usr/bin/cmake -E cmake_link_script CMakeFiles/cmTryCompileExec493512116.dir/link.txt --verbose=1
/usr/bin/cc   -fPIC -DCHECK_FUNCTION_EXISTS=pthread_create    CMakeFiles/cmTryCompileExec493512116.dir/CheckFunctionExists.c.o  -o cmTryCompileExec493512116 -rdynamic -lpthreads 
/usr/bin/ld: cannot find -lpthreads
collect2: error: ld returned 1 exit status
make[1]: Leaving directory `/home/chap/OpenDaVINCI/automotive/miniature/arduino/build/CMakeFiles/CMakeTmp'
make[1]: *** [cmTryCompileExec493512116] Error 1
make: *** [cmTryCompileExec493512116/fast] Error 2


