Determining if the pthread_create exist failed with the following output:
Change Dir: /home/rachele/OpenDaVINCI/automotive/miniature/lanefollower/build/CMakeFiles/CMakeTmp

Run Build Command:/usr/bin/make "cmTryCompileExec1335963673/fast"
/usr/bin/make -f CMakeFiles/cmTryCompileExec1335963673.dir/build.make CMakeFiles/cmTryCompileExec1335963673.dir/build
make[1]: Entering directory `/home/rachele/OpenDaVINCI/automotive/miniature/lanefollower/build/CMakeFiles/CMakeTmp'
/usr/bin/cmake -E cmake_progress_report /home/rachele/OpenDaVINCI/automotive/miniature/lanefollower/build/CMakeFiles/CMakeTmp/CMakeFiles 1
Building C object CMakeFiles/cmTryCompileExec1335963673.dir/CheckSymbolExists.c.o
/usr/bin/cc   -fPIC    -o CMakeFiles/cmTryCompileExec1335963673.dir/CheckSymbolExists.c.o   -c /home/rachele/OpenDaVINCI/automotive/miniature/lanefollower/build/CMakeFiles/CMakeTmp/CheckSymbolExists.c
Linking C executable cmTryCompileExec1335963673
/usr/bin/cmake -E cmake_link_script CMakeFiles/cmTryCompileExec1335963673.dir/link.txt --verbose=1
/usr/bin/cc   -fPIC     CMakeFiles/cmTryCompileExec1335963673.dir/CheckSymbolExists.c.o  -o cmTryCompileExec1335963673 -rdynamic 
CMakeFiles/cmTryCompileExec1335963673.dir/CheckSymbolExists.c.o: In function `main':
CheckSymbolExists.c:(.text+0x1b): undefined reference to `pthread_create'
collect2: error: ld returned 1 exit status
make[1]: Leaving directory `/home/rachele/OpenDaVINCI/automotive/miniature/lanefollower/build/CMakeFiles/CMakeTmp'
make[1]: *** [cmTryCompileExec1335963673] Error 1
make: *** [cmTryCompileExec1335963673/fast] Error 2

File /home/rachele/OpenDaVINCI/automotive/miniature/lanefollower/build/CMakeFiles/CMakeTmp/CheckSymbolExists.c:
/* */
#include <pthread.h>

int main(int argc, char** argv)
{
  (void)argv;
#ifndef pthread_create
  return ((int*)(&pthread_create))[argc];
#else
  (void)argc;
  return 0;
#endif
}

Determining if the function pthread_create exists in the pthreads failed with the following output:
Change Dir: /home/rachele/OpenDaVINCI/automotive/miniature/lanefollower/build/CMakeFiles/CMakeTmp

Run Build Command:/usr/bin/make "cmTryCompileExec2917007740/fast"
/usr/bin/make -f CMakeFiles/cmTryCompileExec2917007740.dir/build.make CMakeFiles/cmTryCompileExec2917007740.dir/build
make[1]: Entering directory `/home/rachele/OpenDaVINCI/automotive/miniature/lanefollower/build/CMakeFiles/CMakeTmp'
/usr/bin/cmake -E cmake_progress_report /home/rachele/OpenDaVINCI/automotive/miniature/lanefollower/build/CMakeFiles/CMakeTmp/CMakeFiles 1
Building C object CMakeFiles/cmTryCompileExec2917007740.dir/CheckFunctionExists.c.o
/usr/bin/cc   -fPIC -DCHECK_FUNCTION_EXISTS=pthread_create   -o CMakeFiles/cmTryCompileExec2917007740.dir/CheckFunctionExists.c.o   -c /usr/share/cmake-2.8/Modules/CheckFunctionExists.c
Linking C executable cmTryCompileExec2917007740
/usr/bin/cmake -E cmake_link_script CMakeFiles/cmTryCompileExec2917007740.dir/link.txt --verbose=1
/usr/bin/cc   -fPIC -DCHECK_FUNCTION_EXISTS=pthread_create    CMakeFiles/cmTryCompileExec2917007740.dir/CheckFunctionExists.c.o  -o cmTryCompileExec2917007740 -rdynamic -lpthreads 
/usr/bin/ld: cannot find -lpthreads
collect2: error: ld returned 1 exit status
make[1]: Leaving directory `/home/rachele/OpenDaVINCI/automotive/miniature/lanefollower/build/CMakeFiles/CMakeTmp'
make[1]: *** [cmTryCompileExec2917007740] Error 1
make: *** [cmTryCompileExec2917007740/fast] Error 2


