Determining if the pthread_create exist failed with the following output:
Change Dir: /home/chap/OpenDaVINCI/automotive/miniature/ViewLiveData/build/CMakeFiles/CMakeTmp

Run Build Command:/usr/bin/make "cmTryCompileExec221708471/fast"
/usr/bin/make -f CMakeFiles/cmTryCompileExec221708471.dir/build.make CMakeFiles/cmTryCompileExec221708471.dir/build
make[1]: Entering directory `/home/chap/OpenDaVINCI/automotive/miniature/ViewLiveData/build/CMakeFiles/CMakeTmp'
/usr/bin/cmake -E cmake_progress_report /home/chap/OpenDaVINCI/automotive/miniature/ViewLiveData/build/CMakeFiles/CMakeTmp/CMakeFiles 1
Building C object CMakeFiles/cmTryCompileExec221708471.dir/CheckSymbolExists.c.o
/usr/bin/cc   -fPIC    -o CMakeFiles/cmTryCompileExec221708471.dir/CheckSymbolExists.c.o   -c /home/chap/OpenDaVINCI/automotive/miniature/ViewLiveData/build/CMakeFiles/CMakeTmp/CheckSymbolExists.c
Linking C executable cmTryCompileExec221708471
/usr/bin/cmake -E cmake_link_script CMakeFiles/cmTryCompileExec221708471.dir/link.txt --verbose=1
/usr/bin/cc   -fPIC     CMakeFiles/cmTryCompileExec221708471.dir/CheckSymbolExists.c.o  -o cmTryCompileExec221708471 -rdynamic 
CMakeFiles/cmTryCompileExec221708471.dir/CheckSymbolExists.c.o: In function `main':
CheckSymbolExists.c:(.text+0x1b): undefined reference to `pthread_create'
collect2: error: ld returned 1 exit status
make[1]: Leaving directory `/home/chap/OpenDaVINCI/automotive/miniature/ViewLiveData/build/CMakeFiles/CMakeTmp'
make[1]: *** [cmTryCompileExec221708471] Error 1
make: *** [cmTryCompileExec221708471/fast] Error 2

File /home/chap/OpenDaVINCI/automotive/miniature/ViewLiveData/build/CMakeFiles/CMakeTmp/CheckSymbolExists.c:
/* */
#include <pthread.h>

int main(int argc, char** argv)
{
  (void)argv;
#ifndef pthread_create
  return ((int*)(&pthread_create))[argc];
#else
  (void)argc;
  return 0;
#endif
}

Determining if the function pthread_create exists in the pthreads failed with the following output:
Change Dir: /home/chap/OpenDaVINCI/automotive/miniature/ViewLiveData/build/CMakeFiles/CMakeTmp

Run Build Command:/usr/bin/make "cmTryCompileExec973341342/fast"
/usr/bin/make -f CMakeFiles/cmTryCompileExec973341342.dir/build.make CMakeFiles/cmTryCompileExec973341342.dir/build
make[1]: Entering directory `/home/chap/OpenDaVINCI/automotive/miniature/ViewLiveData/build/CMakeFiles/CMakeTmp'
/usr/bin/cmake -E cmake_progress_report /home/chap/OpenDaVINCI/automotive/miniature/ViewLiveData/build/CMakeFiles/CMakeTmp/CMakeFiles 1
Building C object CMakeFiles/cmTryCompileExec973341342.dir/CheckFunctionExists.c.o
/usr/bin/cc   -fPIC -DCHECK_FUNCTION_EXISTS=pthread_create   -o CMakeFiles/cmTryCompileExec973341342.dir/CheckFunctionExists.c.o   -c /usr/share/cmake-2.8/Modules/CheckFunctionExists.c
Linking C executable cmTryCompileExec973341342
/usr/bin/cmake -E cmake_link_script CMakeFiles/cmTryCompileExec973341342.dir/link.txt --verbose=1
/usr/bin/cc   -fPIC -DCHECK_FUNCTION_EXISTS=pthread_create    CMakeFiles/cmTryCompileExec973341342.dir/CheckFunctionExists.c.o  -o cmTryCompileExec973341342 -rdynamic -lpthreads 
/usr/bin/ld: cannot find -lpthreads
collect2: error: ld returned 1 exit status
make[1]: *** [cmTryCompileExec973341342] Error 1
make[1]: Leaving directory `/home/chap/OpenDaVINCI/automotive/miniature/ViewLiveData/build/CMakeFiles/CMakeTmp'
make: *** [cmTryCompileExec973341342/fast] Error 2


